[debug] [2018-02-20T21:20:05.687Z] ----------------------------------------------------------------------
[debug] [2018-02-20T21:20:05.689Z] Command:       /usr/local/bin/node /usr/local/bin/firebase serve --only functions
[debug] [2018-02-20T21:20:05.690Z] CLI Version:   3.14.0
[debug] [2018-02-20T21:20:05.690Z] Platform:      darwin
[debug] [2018-02-20T21:20:05.690Z] Node Version:  v6.0.0
[debug] [2018-02-20T21:20:05.730Z] Time:          Tue Feb 20 2018 16:20:05 GMT-0500 (EST)
[debug] [2018-02-20T21:20:05.730Z] ----------------------------------------------------------------------
[debug] 
[debug] [2018-02-20T21:20:05.749Z] > command requires scopes: ["email","openid","https://www.googleapis.com/auth/cloudplatformprojects.readonly","https://www.googleapis.com/auth/firebase","https://www.googleapis.com/auth/cloud-platform"]
[debug] [2018-02-20T21:20:05.750Z] > authorizing via signed-in user
[debug] [2018-02-20T21:20:05.752Z] >>> HTTP REQUEST GET https://admin.firebase.com/v1/projects/slice-mqp  
 Tue Feb 20 2018 16:20:05 GMT-0500 (EST)
[debug] [2018-02-20T21:20:06.178Z] <<< HTTP RESPONSE 200
[debug] [2018-02-20T21:20:06.180Z] >>> HTTP REQUEST GET https://admin.firebase.com/v1/database/slice-mqp/tokens  
 Tue Feb 20 2018 16:20:06 GMT-0500 (EST)
[debug] [2018-02-20T21:20:06.551Z] <<< HTTP RESPONSE 200
[info] 
[info] === Serving from '/Users/Derek/Documents/School/MQP/web-app-v2/Slice-MQP'...
[info] 
[debug] [2018-02-20T21:20:07.612Z] Error: EACCES: permission denied, mkdir '/usr/local/lib/node_modules/firebase-tools/node_modules/@google-cloud/functions-emulator/logs'
    at Error (native)
    at Object.fs.mkdirSync (fs.js:916:18)
    at Object.assertLogsPath (/usr/local/lib/node_modules/firebase-tools/node_modules/@google-cloud/functions-emulator/src/emulator/logs.js:65:10)
    at new Controller (/usr/local/lib/node_modules/firebase-tools/node_modules/@google-cloud/functions-emulator/src/cli/controller.js:85:32)
    at FunctionsEmulator.start (/usr/local/lib/node_modules/firebase-tools/lib/functionsEmulator.js:108:21)
    at Object.module.exports.start (/usr/local/lib/node_modules/firebase-tools/lib/serve/functions.js:9:29)
    at /usr/local/lib/node_modules/firebase-tools/lib/serve/index.js:16:19
    at arrayMap (/usr/local/lib/node_modules/firebase-tools/node_modules/lodash/lodash.js:660:23)
    at Function.map (/usr/local/lib/node_modules/firebase-tools/node_modules/lodash/lodash.js:9571:14)
    at _serve (/usr/local/lib/node_modules/firebase-tools/lib/serve/index.js:14:21)
[error] 
[error] Error: An unexpected error has occurred.
[debug] [2018-02-20T21:20:15.608Z] ----------------------------------------------------------------------
[debug] [2018-02-20T21:20:15.611Z] Command:       /usr/local/bin/node /usr/local/bin/firebase serve --only functions
[debug] [2018-02-20T21:20:15.611Z] CLI Version:   3.14.0
[debug] [2018-02-20T21:20:15.611Z] Platform:      darwin
[debug] [2018-02-20T21:20:15.611Z] Node Version:  v6.0.0
[debug] [2018-02-20T21:20:15.612Z] Time:          Tue Feb 20 2018 16:20:15 GMT-0500 (EST)
[debug] [2018-02-20T21:20:15.612Z] ----------------------------------------------------------------------
[debug] 
[debug] [2018-02-20T21:20:15.631Z] > command requires scopes: ["email","openid","https://www.googleapis.com/auth/cloudplatformprojects.readonly","https://www.googleapis.com/auth/firebase","https://www.googleapis.com/auth/cloud-platform"]
[debug] [2018-02-20T21:20:15.631Z] > authorizing via signed-in user
[debug] [2018-02-20T21:20:15.634Z] >>> HTTP REQUEST GET https://admin.firebase.com/v1/projects/slice-mqp  
 Tue Feb 20 2018 16:20:15 GMT-0500 (EST)
[debug] [2018-02-20T21:20:15.932Z] <<< HTTP RESPONSE 200
[debug] [2018-02-20T21:20:15.934Z] >>> HTTP REQUEST GET https://admin.firebase.com/v1/database/slice-mqp/tokens  
 Tue Feb 20 2018 16:20:15 GMT-0500 (EST)
[debug] [2018-02-20T21:20:16.290Z] <<< HTTP RESPONSE 200
[info] 
[info] === Serving from '/Users/Derek/Documents/School/MQP/web-app-v2/Slice-MQP'...
[info] 
[debug] [2018-02-20T21:20:16.644Z] Error: EACCES: permission denied, mkdir '/usr/local/lib/node_modules/firebase-tools/node_modules/@google-cloud/functions-emulator/logs'
    at Error (native)
    at Object.fs.mkdirSync (fs.js:916:18)
    at Object.assertLogsPath (/usr/local/lib/node_modules/firebase-tools/node_modules/@google-cloud/functions-emulator/src/emulator/logs.js:65:10)
    at new Controller (/usr/local/lib/node_modules/firebase-tools/node_modules/@google-cloud/functions-emulator/src/cli/controller.js:85:32)
    at FunctionsEmulator.start (/usr/local/lib/node_modules/firebase-tools/lib/functionsEmulator.js:108:21)
    at Object.module.exports.start (/usr/local/lib/node_modules/firebase-tools/lib/serve/functions.js:9:29)
    at /usr/local/lib/node_modules/firebase-tools/lib/serve/index.js:16:19
    at arrayMap (/usr/local/lib/node_modules/firebase-tools/node_modules/lodash/lodash.js:660:23)
    at Function.map (/usr/local/lib/node_modules/firebase-tools/node_modules/lodash/lodash.js:9571:14)
    at _serve (/usr/local/lib/node_modules/firebase-tools/lib/serve/index.js:14:21)
[error] 
[error] Error: An unexpected error has occurred.
[debug] [2018-02-20T21:20:21.854Z] ----------------------------------------------------------------------
[debug] [2018-02-20T21:20:21.857Z] Command:       /usr/local/bin/node /usr/local/bin/firebase serve --only functions
[debug] [2018-02-20T21:20:21.857Z] CLI Version:   3.14.0
[debug] [2018-02-20T21:20:21.857Z] Platform:      darwin
[debug] [2018-02-20T21:20:21.857Z] Node Version:  v6.0.0
[debug] [2018-02-20T21:20:21.858Z] Time:          Tue Feb 20 2018 16:20:21 GMT-0500 (EST)
[debug] [2018-02-20T21:20:21.858Z] ----------------------------------------------------------------------
[debug] 
[debug] [2018-02-20T21:20:21.872Z] > command requires scopes: ["email","openid","https://www.googleapis.com/auth/cloudplatformprojects.readonly","https://www.googleapis.com/auth/firebase","https://www.googleapis.com/auth/cloud-platform"]
[debug] [2018-02-20T21:20:21.872Z] > authorizing via signed-in user
[debug] [2018-02-20T21:20:21.875Z] >>> HTTP REQUEST GET https://admin.firebase.com/v1/projects/slice-mqp  
 Tue Feb 20 2018 16:20:21 GMT-0500 (EST)
[debug] [2018-02-20T21:20:22.213Z] <<< HTTP RESPONSE 200
[debug] [2018-02-20T21:20:22.215Z] >>> HTTP REQUEST GET https://admin.firebase.com/v1/database/slice-mqp/tokens  
 Tue Feb 20 2018 16:20:22 GMT-0500 (EST)
[debug] [2018-02-20T21:20:22.597Z] <<< HTTP RESPONSE 200
[info] 
[info] === Serving from '/Users/Derek/Documents/School/MQP/web-app-v2/Slice-MQP'...
[info] 
[debug] [2018-02-20T21:20:22.807Z] Error: EACCES: permission denied, mkdir '/usr/local/lib/node_modules/firebase-tools/node_modules/@google-cloud/functions-emulator/logs'
    at Error (native)
    at Object.fs.mkdirSync (fs.js:916:18)
    at Object.assertLogsPath (/usr/local/lib/node_modules/firebase-tools/node_modules/@google-cloud/functions-emulator/src/emulator/logs.js:65:10)
    at new Controller (/usr/local/lib/node_modules/firebase-tools/node_modules/@google-cloud/functions-emulator/src/cli/controller.js:85:32)
    at FunctionsEmulator.start (/usr/local/lib/node_modules/firebase-tools/lib/functionsEmulator.js:108:21)
    at Object.module.exports.start (/usr/local/lib/node_modules/firebase-tools/lib/serve/functions.js:9:29)
    at /usr/local/lib/node_modules/firebase-tools/lib/serve/index.js:16:19
    at arrayMap (/usr/local/lib/node_modules/firebase-tools/node_modules/lodash/lodash.js:660:23)
    at Function.map (/usr/local/lib/node_modules/firebase-tools/node_modules/lodash/lodash.js:9571:14)
    at _serve (/usr/local/lib/node_modules/firebase-tools/lib/serve/index.js:14:21)
[error] 
[error] Error: An unexpected error has occurred.
[debug] [2018-02-20T21:23:19.337Z] ----------------------------------------------------------------------
[debug] [2018-02-20T21:23:19.339Z] Command:       /usr/local/bin/node /usr/local/bin/firebase serve --only functions
[debug] [2018-02-20T21:23:19.340Z] CLI Version:   3.17.4
[debug] [2018-02-20T21:23:19.340Z] Platform:      darwin
[debug] [2018-02-20T21:23:19.340Z] Node Version:  v6.0.0
[debug] [2018-02-20T21:23:19.341Z] Time:          Tue Feb 20 2018 16:23:19 GMT-0500 (EST)
[debug] [2018-02-20T21:23:19.341Z] ----------------------------------------------------------------------
[debug] 
[debug] [2018-02-20T21:23:19.654Z] > command requires scopes: ["email","openid","https://www.googleapis.com/auth/cloudplatformprojects.readonly","https://www.googleapis.com/auth/firebase","https://www.googleapis.com/auth/cloud-platform"]
[debug] [2018-02-20T21:23:19.655Z] > authorizing via signed-in user
[debug] [2018-02-20T21:23:19.657Z] >>> HTTP REQUEST GET https://admin.firebase.com/v1/projects/slice-mqp  
  
 Tue Feb 20 2018 16:23:19 GMT-0500 (EST)
[debug] [2018-02-20T21:23:20.089Z] <<< HTTP RESPONSE 200
[debug] [2018-02-20T21:23:20.091Z] >>> HTTP REQUEST GET https://admin.firebase.com/v1/database/slice-mqp/tokens  
  
 Tue Feb 20 2018 16:23:20 GMT-0500 (EST)
[debug] [2018-02-20T21:23:20.775Z] <<< HTTP RESPONSE 200
[info] 
[info] === Serving from '/Users/Derek/Documents/School/MQP/web-app-v2/Slice-MQP'...
[info] 
[debug] [2018-02-20T21:23:23.739Z] Error: EACCES: permission denied, mkdir '/usr/local/lib/node_modules/firebase-tools/node_modules/@google-cloud/functions-emulator/logs'
    at Error (native)
    at Object.fs.mkdirSync (fs.js:916:18)
    at Object.assertLogsPath (/usr/local/lib/node_modules/firebase-tools/node_modules/@google-cloud/functions-emulator/src/emulator/logs.js:65:10)
    at new Controller (/usr/local/lib/node_modules/firebase-tools/node_modules/@google-cloud/functions-emulator/src/cli/controller.js:85:32)
    at FunctionsEmulator.start (/usr/local/lib/node_modules/firebase-tools/lib/functionsEmulator.js:109:21)
    at Object.module.exports.start (/usr/local/lib/node_modules/firebase-tools/lib/serve/functions.js:9:29)
    at /usr/local/lib/node_modules/firebase-tools/lib/serve/index.js:16:19
    at arrayMap (/usr/local/lib/node_modules/firebase-tools/node_modules/lodash/lodash.js:631:23)
    at Function.map (/usr/local/lib/node_modules/firebase-tools/node_modules/lodash/lodash.js:9546:14)
    at _serve (/usr/local/lib/node_modules/firebase-tools/lib/serve/index.js:14:21)
[error] 
[error] Error: An unexpected error has occurred.
[debug] [2018-02-20T21:26:26.512Z] ----------------------------------------------------------------------
[debug] [2018-02-20T21:26:26.518Z] Command:       /usr/local/bin/node /usr/local/bin/firebase serve --debug --only functions
[debug] [2018-02-20T21:26:26.519Z] CLI Version:   3.17.4
[debug] [2018-02-20T21:26:26.519Z] Platform:      darwin
[debug] [2018-02-20T21:26:26.519Z] Node Version:  v6.0.0
[debug] [2018-02-20T21:26:26.551Z] Time:          Tue Feb 20 2018 16:26:26 GMT-0500 (EST)
[debug] [2018-02-20T21:26:26.551Z] ----------------------------------------------------------------------
[debug] 
[debug] [2018-02-20T21:26:26.575Z] > command requires scopes: ["email","openid","https://www.googleapis.com/auth/cloudplatformprojects.readonly","https://www.googleapis.com/auth/firebase","https://www.googleapis.com/auth/cloud-platform"]
[debug] [2018-02-20T21:26:26.576Z] > authorizing via signed-in user
[debug] [2018-02-20T21:26:26.579Z] >>> HTTP REQUEST GET https://admin.firebase.com/v1/projects/slice-mqp  
  
 Tue Feb 20 2018 16:26:26 GMT-0500 (EST)
[debug] [2018-02-20T21:26:27.119Z] <<< HTTP RESPONSE 200
[debug] [2018-02-20T21:26:27.122Z] >>> HTTP REQUEST GET https://admin.firebase.com/v1/database/slice-mqp/tokens  
  
 Tue Feb 20 2018 16:26:27 GMT-0500 (EST)
[debug] [2018-02-20T21:26:28.047Z] <<< HTTP RESPONSE 200
[info] 
[info] === Serving from '/Users/Derek/Documents/School/MQP/web-app-v2/Slice-MQP'...
[info] 
[info] i  functions: Preparing to emulate functions.
[debug] [2018-02-20T21:26:29.302Z] Fetching environment
[debug] [2018-02-20T21:26:29.320Z] >>> HTTP REQUEST GET https://appengine.googleapis.com/v1/apps/slice-mqp  
  
 Tue Feb 20 2018 16:26:29 GMT-0500 (EST)
[debug] [2018-02-20T21:26:29.321Z] >>> HTTP REQUEST GET https://apikeys.googleapis.com/v1/projects/slice-mqp/apiKeys  
  
 Tue Feb 20 2018 16:26:29 GMT-0500 (EST)
[debug] [2018-02-20T21:26:29.645Z] <<< HTTP RESPONSE 200
[debug] [2018-02-20T21:26:29.715Z] <<< HTTP RESPONSE 200
[debug] [2018-02-20T21:26:29.716Z] Starting @google-cloud/functions-emulator
[warn] ⚠  functions: Error from emulator. Error: Emulator crashed! Check the log file...
[info] Shutting down...
[debug] [2018-02-20T21:31:02.991Z] ----------------------------------------------------------------------
[debug] [2018-02-20T21:31:02.995Z] Command:       /usr/local/bin/node /usr/local/bin/firebase serve --debug --only functions
[debug] [2018-02-20T21:31:02.996Z] CLI Version:   3.17.4
[debug] [2018-02-20T21:31:02.996Z] Platform:      darwin
[debug] [2018-02-20T21:31:02.996Z] Node Version:  v9.4.0
[debug] [2018-02-20T21:31:02.996Z] Time:          Tue Feb 20 2018 16:31:02 GMT-0500 (EST)
[debug] [2018-02-20T21:31:02.996Z] ----------------------------------------------------------------------
[debug] 
[debug] [2018-02-20T21:31:03.011Z] > command requires scopes: ["email","openid","https://www.googleapis.com/auth/cloudplatformprojects.readonly","https://www.googleapis.com/auth/firebase","https://www.googleapis.com/auth/cloud-platform"]
[debug] [2018-02-20T21:31:03.012Z] > authorizing via signed-in user
[debug] [2018-02-20T21:31:03.014Z] >>> HTTP REQUEST GET https://admin.firebase.com/v1/projects/slice-mqp  
  
 Tue Feb 20 2018 16:31:03 GMT-0500 (EST)
[debug] [2018-02-20T21:31:03.457Z] <<< HTTP RESPONSE 200
[debug] [2018-02-20T21:31:03.458Z] >>> HTTP REQUEST GET https://admin.firebase.com/v1/database/slice-mqp/tokens  
  
 Tue Feb 20 2018 16:31:03 GMT-0500 (EST)
[debug] [2018-02-20T21:31:04.352Z] <<< HTTP RESPONSE 200
[info] 
[info] === Serving from '/Users/Derek/Documents/School/MQP/web-app-v2/Slice-MQP'...
[info] 
[warn] ⚠  functions: Cannot start emulator. Error: The module '/usr/local/lib/node_modules/firebase-tools/node_modules/grpc/src/node/extension_binary/grpc_node.node'
was compiled against a different Node.js version using
NODE_MODULE_VERSION 48. This version of Node.js requires
NODE_MODULE_VERSION 59. Please try re-compiling or re-installing
the module (for instance, using `npm rebuild` or `npm install`).
[debug] [2018-02-20T23:45:24.504Z] ----------------------------------------------------------------------
[debug] [2018-02-20T23:45:24.508Z] Command:       /usr/local/bin/node /usr/local/bin/firebase serve --debug --only functions
[debug] [2018-02-20T23:45:24.508Z] CLI Version:   3.17.4
[debug] [2018-02-20T23:45:24.508Z] Platform:      darwin
[debug] [2018-02-20T23:45:24.508Z] Node Version:  v8.9.4
[debug] [2018-02-20T23:45:24.509Z] Time:          Tue Feb 20 2018 18:45:24 GMT-0500 (EST)
[debug] [2018-02-20T23:45:24.509Z] ----------------------------------------------------------------------
[debug] 
[debug] [2018-02-20T23:45:24.525Z] > command requires scopes: ["email","openid","https://www.googleapis.com/auth/cloudplatformprojects.readonly","https://www.googleapis.com/auth/firebase","https://www.googleapis.com/auth/cloud-platform"]
[debug] [2018-02-20T23:45:24.526Z] > authorizing via signed-in user
[debug] [2018-02-20T23:45:24.528Z] > refreshing access token with scopes: ["email","https://www.googleapis.com/auth/cloud-platform","https://www.googleapis.com/auth/cloudplatformprojects.readonly","https://www.googleapis.com/auth/firebase","openid"]
[debug] [2018-02-20T23:45:24.528Z] >>> HTTP REQUEST POST https://www.googleapis.com/oauth2/v3/token  
 { refresh_token: '1/8Dbn9aIyc3JcPMTa9QV7HFuBGf4AgOacr3bfcDwKAb0',
  client_id: '563584335869-fgrhgmd47bqnekij5i8b5pr03ho849e6.apps.googleusercontent.com',
  client_secret: 'j9iVZfS8kkCEFUPaAeJV0sAi',
  grant_type: 'refresh_token',
  scope: 'email https://www.googleapis.com/auth/cloud-platform https://www.googleapis.com/auth/cloudplatformprojects.readonly https://www.googleapis.com/auth/firebase openid' } 
 Tue Feb 20 2018 18:45:24 GMT-0500 (EST)
[debug] [2018-02-20T23:45:24.700Z] <<< HTTP RESPONSE 200
[debug] [2018-02-20T23:45:24.746Z] >>> HTTP REQUEST GET https://admin.firebase.com/v1/projects/slice-mqp  
  
 Tue Feb 20 2018 18:45:24 GMT-0500 (EST)
[debug] [2018-02-20T23:45:25.142Z] <<< HTTP RESPONSE 200
[debug] [2018-02-20T23:45:25.143Z] >>> HTTP REQUEST GET https://admin.firebase.com/v1/database/slice-mqp/tokens  
  
 Tue Feb 20 2018 18:45:25 GMT-0500 (EST)
[debug] [2018-02-20T23:45:25.623Z] <<< HTTP RESPONSE 200
[info] 
[info] === Serving from '/Users/Derek/Documents/School/MQP/web-app-v2/Slice-MQP'...
[info] 
[warn] ⚠  functions: Cannot start emulator. Error: The module '/usr/local/lib/node_modules/firebase-tools/node_modules/grpc/src/node/extension_binary/grpc_node.node'
was compiled against a different Node.js version using
NODE_MODULE_VERSION 48. This version of Node.js requires
NODE_MODULE_VERSION 57. Please try re-compiling or re-installing
the module (for instance, using `npm rebuild` or `npm install`).
[debug] [2018-02-20T23:57:57.999Z] ----------------------------------------------------------------------
[debug] [2018-02-20T23:57:58.002Z] Command:       /usr/local/bin/node /usr/local/bin/firebase serve --debug --only functions
[debug] [2018-02-20T23:57:58.003Z] CLI Version:   3.17.4
[debug] [2018-02-20T23:57:58.003Z] Platform:      darwin
[debug] [2018-02-20T23:57:58.003Z] Node Version:  v8.9.4
[debug] [2018-02-20T23:57:58.003Z] Time:          Tue Feb 20 2018 18:57:58 GMT-0500 (EST)
[debug] [2018-02-20T23:57:58.003Z] ----------------------------------------------------------------------
[debug] 
[debug] [2018-02-20T23:57:58.018Z] > command requires scopes: ["email","openid","https://www.googleapis.com/auth/cloudplatformprojects.readonly","https://www.googleapis.com/auth/firebase","https://www.googleapis.com/auth/cloud-platform"]
[debug] [2018-02-20T23:57:58.019Z] > authorizing via signed-in user
[debug] [2018-02-20T23:57:58.020Z] >>> HTTP REQUEST GET https://admin.firebase.com/v1/projects/slice-mqp  
  
 Tue Feb 20 2018 18:57:58 GMT-0500 (EST)
[debug] [2018-02-20T23:57:58.467Z] <<< HTTP RESPONSE 200
[debug] [2018-02-20T23:57:58.468Z] >>> HTTP REQUEST GET https://admin.firebase.com/v1/database/slice-mqp/tokens  
  
 Tue Feb 20 2018 18:57:58 GMT-0500 (EST)
[debug] [2018-02-20T23:57:58.888Z] <<< HTTP RESPONSE 200
[info] 
[info] === Serving from '/Users/Derek/Documents/School/MQP/web-app-v2/Slice-MQP'...
[info] 
[warn] ⚠  functions: Cannot start emulator. Error: The module '/usr/local/lib/node_modules/firebase-tools/node_modules/grpc/src/node/extension_binary/grpc_node.node'
was compiled against a different Node.js version using
NODE_MODULE_VERSION 48. This version of Node.js requires
NODE_MODULE_VERSION 57. Please try re-compiling or re-installing
the module (for instance, using `npm rebuild` or `npm install`).
[debug] [2018-02-20T23:59:11.127Z] ----------------------------------------------------------------------
[debug] [2018-02-20T23:59:11.131Z] Command:       /usr/local/bin/node /usr/local/bin/firebase serve --debug --only functions
[debug] [2018-02-20T23:59:11.131Z] CLI Version:   3.17.4
[debug] [2018-02-20T23:59:11.131Z] Platform:      darwin
[debug] [2018-02-20T23:59:11.131Z] Node Version:  v8.9.4
[debug] [2018-02-20T23:59:11.132Z] Time:          Tue Feb 20 2018 18:59:11 GMT-0500 (EST)
[debug] [2018-02-20T23:59:11.132Z] ----------------------------------------------------------------------
[debug] 
[debug] [2018-02-20T23:59:11.145Z] > command requires scopes: ["email","openid","https://www.googleapis.com/auth/cloudplatformprojects.readonly","https://www.googleapis.com/auth/firebase","https://www.googleapis.com/auth/cloud-platform"]
[debug] [2018-02-20T23:59:11.145Z] > authorizing via signed-in user
[debug] [2018-02-20T23:59:11.147Z] >>> HTTP REQUEST GET https://admin.firebase.com/v1/projects/slice-mqp  
  
 Tue Feb 20 2018 18:59:11 GMT-0500 (EST)
[debug] [2018-02-20T23:59:11.581Z] <<< HTTP RESPONSE 200
[debug] [2018-02-20T23:59:11.582Z] >>> HTTP REQUEST GET https://admin.firebase.com/v1/database/slice-mqp/tokens  
  
 Tue Feb 20 2018 18:59:11 GMT-0500 (EST)
[debug] [2018-02-20T23:59:12.065Z] <<< HTTP RESPONSE 200
[info] 
[info] === Serving from '/Users/Derek/Documents/School/MQP/web-app-v2/Slice-MQP'...
[info] 
[warn] ⚠  functions: Cannot start emulator. Error: The module '/usr/local/lib/node_modules/firebase-tools/node_modules/grpc/src/node/extension_binary/grpc_node.node'
was compiled against a different Node.js version using
NODE_MODULE_VERSION 48. This version of Node.js requires
NODE_MODULE_VERSION 57. Please try re-compiling or re-installing
the module (for instance, using `npm rebuild` or `npm install`).
[debug] [2018-02-21T00:02:04.680Z] ----------------------------------------------------------------------
[debug] [2018-02-21T00:02:04.684Z] Command:       /usr/local/bin/node /usr/local/bin/firebase serve --debug --only functions
[debug] [2018-02-21T00:02:04.685Z] CLI Version:   3.17.4
[debug] [2018-02-21T00:02:04.685Z] Platform:      darwin
[debug] [2018-02-21T00:02:04.685Z] Node Version:  v8.9.4
[debug] [2018-02-21T00:02:04.685Z] Time:          Tue Feb 20 2018 19:02:04 GMT-0500 (EST)
[debug] [2018-02-21T00:02:04.685Z] ----------------------------------------------------------------------
[debug] 
[debug] [2018-02-21T00:02:04.699Z] > command requires scopes: ["email","openid","https://www.googleapis.com/auth/cloudplatformprojects.readonly","https://www.googleapis.com/auth/firebase","https://www.googleapis.com/auth/cloud-platform"]
[debug] [2018-02-21T00:02:04.699Z] > authorizing via signed-in user
[debug] [2018-02-21T00:02:04.701Z] >>> HTTP REQUEST GET https://admin.firebase.com/v1/projects/slice-mqp  
  
 Tue Feb 20 2018 19:02:04 GMT-0500 (EST)
[debug] [2018-02-21T00:02:05.098Z] <<< HTTP RESPONSE 200
[debug] [2018-02-21T00:02:05.099Z] >>> HTTP REQUEST GET https://admin.firebase.com/v1/database/slice-mqp/tokens  
  
 Tue Feb 20 2018 19:02:05 GMT-0500 (EST)
[debug] [2018-02-21T00:02:05.500Z] <<< HTTP RESPONSE 200
[info] 
[info] === Serving from '/Users/Derek/Documents/School/MQP/web-app-v2/Slice-MQP'...
[info] 
[warn] ⚠  functions: Cannot start emulator. Error: The module '/usr/local/lib/node_modules/firebase-tools/node_modules/grpc/src/node/extension_binary/grpc_node.node'
was compiled against a different Node.js version using
NODE_MODULE_VERSION 48. This version of Node.js requires
NODE_MODULE_VERSION 57. Please try re-compiling or re-installing
the module (for instance, using `npm rebuild` or `npm install`).
